<?xml version="1.0" encoding="UTF-8"?>
<!-- Generated by org.testng.reporters.JUnitReportReporter -->
<testsuite hostname="DESKTOP-F1Q8HLI" failures="0" tests="1" name="testcases.tc_001_new_registeration" time="2.052" errors="0" timestamp="2023-12-01T10:57:28 IST" skipped="0">
  <testcase classname="testcases.tc_001_new_registeration" name="oc_new_registration" time="2.052"/>
  <system-out/>
</testsuite> <!-- testcases.tc_001_new_registeration -->
